<!DOCTYPE html PUBLIC "-//W3C//DTD XHTML 1.1//EN" "https://www.w3.org/TR/xhtml11/DTD/xhtml11.dtd">
<html xmlns="https://www.w3.org/1999/xhtml">
<head>
<meta http-equiv="content-type" content="text/html; charset=UTF-8"/>
<title>TestNG Report</title>
<style type="text/css">table {margin-bottom:10px;border-collapse:collapse;empty-cells:show}th,td {border:1px solid #009;padding:.25em .5em}th {vertical-align:bottom}td {vertical-align:top}table a {font-weight:bold}.stripe td {background-color: #E6EBF9}.num {text-align:right}.passedodd td {background-color: #3F3}.passedeven td {background-color: #0A0}.skippedodd td {background-color: #DDD}.skippedeven td {background-color: #CCC}.failedodd td,.attn {background-color: #F33}.failedeven td,.stripe .attn {background-color: #D00}.stacktrace {white-space:pre;font-family:monospace}.totop {font-size:85%;text-align:center;border-bottom:2px solid #000}.invisible {display:none}</style>
</head>
<body>
<table>
<tr><th>Test</th><th># Passed</th><th># Skipped</th><th># Retried</th><th># Failed</th><th>Time (ms)</th><th>Included Groups</th><th>Excluded Groups</th></tr>
<tr><th colspan="8">E-COMMERCE DemoWebShop Automation Suite</th></tr>
<tr><td><a href="#t0">E-COMMERCE DemoWebShop Functional Tests</a></td><td class="num">13</td><td class="num">0</td><td class="num">0</td><td class="num attn">4</td><td class="num">259,593</td><td></td><td></td></tr>
</table>
<table id='summary'><thead><tr><th>Class</th><th>Method</th><th>Start</th><th>Time (ms)</th></tr></thead><tbody><tr><th colspan="4">E-COMMERCE DemoWebShop Automation Suite</th></tr></tbody><tbody id="t0"><tr><th colspan="4">E-COMMERCE DemoWebShop Functional Tests &#8212; failed</th></tr><tr class="failedeven"><td rowspan="1">tests.CartTest</td><td><a href="#m0">userShouldSeeItemInCart</a></td><td rowspan="1">1768855130177</td><td rowspan="1">2346</td></tr><tr class="failedodd"><td rowspan="1">tests.CheckoutTest</td><td><a href="#m1">userCanCheckoutAsGuest</a></td><td rowspan="1">1768855143981</td><td rowspan="1">2158</td></tr><tr class="failedeven"><td rowspan="2">tests.NegativeTests</td><td><a href="#m2">checkoutWithoutAcceptingTerms</a></td><td rowspan="1">1768855067393</td><td rowspan="1">2123</td></tr><tr class="failedeven"><td><a href="#m3">loginWithInvalidCredentials</a></td><td rowspan="1">1768855081192</td><td rowspan="1">1471</td></tr><tr><th colspan="4">E-COMMERCE DemoWebShop Functional Tests &#8212; passed</th></tr><tr class="passedeven"><td rowspan="1">tests.AccountValidationTest</td><td><a href="#m4">verifyUserAccountDetails</a></td><td rowspan="1">1768855221832</td><td rowspan="1">5045</td></tr><tr class="passedodd"><td rowspan="1">tests.CartTest</td><td><a href="#m5">userShouldBeAbleToRemoveItemFromCart</a></td><td rowspan="1">1768855108617</td><td rowspan="1">10825</td></tr><tr class="passedeven"><td rowspan="4">tests.ComputersTest</td><td><a href="#m6">userCanAccessComputersSection</a></td><td rowspan="1">1768855157467</td><td rowspan="1">1177</td></tr><tr class="passedeven"><td><a href="#m7">userCanNavigateToAccessories</a></td><td rowspan="1">1768855171081</td><td rowspan="1">1867</td></tr><tr class="passedeven"><td><a href="#m8">userCanNavigateToDesktops</a></td><td rowspan="1">1768855193184</td><td rowspan="1">2247</td></tr><tr class="passedeven"><td><a href="#m9">userCanNavigateToNotebooks</a></td><td rowspan="1">1768855209102</td><td rowspan="1">1630</td></tr><tr class="passedodd"><td rowspan="3">tests.HomePageTest</td><td><a href="#m10">homePageShouldHaveCorrectTitle</a></td><td rowspan="1">1768855030519</td><td rowspan="1">14</td></tr><tr class="passedodd"><td><a href="#m11">shouldNavigateToLoginPage</a></td><td rowspan="1">1768855042479</td><td rowspan="1">633</td></tr><tr class="passedodd"><td><a href="#m12">shouldNavigateToRegisterPage</a></td><td rowspan="1">1768855055196</td><td rowspan="1">722</td></tr><tr class="passedeven"><td rowspan="2">tests.LoginTest</td><td><a href="#m13">userShouldLoginSuccessfullyWithValidCredentials</a></td><td rowspan="1">1768854999804</td><td rowspan="1">2389</td></tr><tr class="passedeven"><td><a href="#m14">userShouldSeeErrorMessageForInvalidLogin</a></td><td rowspan="1">1768855014301</td><td rowspan="1">1336</td></tr><tr class="passedodd"><td rowspan="1">tests.NegativeTests</td><td><a href="#m15">registerWithExistingEmail</a></td><td rowspan="1">1768855094646</td><td rowspan="1">1832</td></tr><tr class="passedeven"><td rowspan="1">tests.RegisterTest</td><td><a href="#m16">userShouldRegisterSuccessfully</a></td><td rowspan="1">1768854978108</td><td rowspan="1">2257</td></tr></tbody>
</table>
<h2>E-COMMERCE DemoWebShop Functional Tests</h2><h3 id="m0">tests.CartTest#userShouldSeeItemInCart</h3><table class="result"><tr><th>Exception</th></tr><tr><td><div class="stacktrace">org.openqa.selenium.UnhandledAlertException: Unexpected alert dialog detected. Performed handler &quot;dismiss&quot;: 
Build info: version: &apos;4.19.1&apos;, revision: &apos;abe0ee07dc&apos;
System info: os.name: &apos;Windows 11&apos;, os.arch: &apos;amd64&apos;, os.version: &apos;10.0&apos;, java.version: &apos;22.0.2&apos;
Driver info: org.openqa.selenium.firefox.FirefoxDriver
Command: [fe77631d-9e31-4750-ac2b-996545a66e4e, findElements {using=css selector, value=.cart-item-row}]
Capabilities {acceptInsecureCerts: true, browserName: firefox, browserVersion: 145.0.2, moz:accessibilityChecks: false, moz:buildID: 20251124145406, moz:geckodriverVersion: 0.35.0, moz:headless: false, moz:platformVersion: 10.0, moz:processID: 33892, moz:profile: C:\Users\JAN~1.SEO\AppData\..., moz:shutdownTimeout: 60000, moz:webdriverClick: true, moz:windowless: false, pageLoadStrategy: normal, platformName: windows, proxy: Proxy(), setWindowRect: true, strictFileInteractability: false, timeouts: {implicit: 0, pageLoad: 300000, script: 30000}, unhandledPromptBehavior: dismiss and notify, userAgent: Mozilla/5.0 (Windows NT 10....}
Session ID: fe77631d-9e31-4750-ac2b-996545a66e4e
	at org.openqa.selenium.remote.codec.w3c.W3CHttpResponseCodec.decode(W3CHttpResponseCodec.java:136)
	at org.openqa.selenium.remote.codec.w3c.W3CHttpResponseCodec.decode(W3CHttpResponseCodec.java:50)
	at org.openqa.selenium.remote.HttpCommandExecutor.execute(HttpCommandExecutor.java:190)
	at org.openqa.selenium.remote.service.DriverCommandExecutor.invokeExecute(DriverCommandExecutor.java:216)
	at org.openqa.selenium.remote.service.DriverCommandExecutor.execute(DriverCommandExecutor.java:174)
	at org.openqa.selenium.remote.RemoteWebDriver.execute(RemoteWebDriver.java:518)
	at org.openqa.selenium.remote.ElementLocation$ElementFinder$2.findElements(ElementLocation.java:182)
	at org.openqa.selenium.remote.ElementLocation.findElements(ElementLocation.java:103)
	at org.openqa.selenium.remote.RemoteWebDriver.findElements(RemoteWebDriver.java:368)
	at org.openqa.selenium.remote.RemoteWebDriver.findElements(RemoteWebDriver.java:362)
	at pages.CartPage.getNumberOfItemsInCart(CartPage.java:26)
	at tests.CartTest.userShouldSeeItemInCart(CartTest.java:21)
	at java.base/java.util.ArrayList.forEach(ArrayList.java:1597)
	at com.intellij.rt.testng.IDEARemoteTestNG.run(IDEARemoteTestNG.java:65)
	at com.intellij.rt.testng.RemoteTestNGStarter.main(RemoteTestNGStarter.java:105)
... Removed 22 stack frames</div></td></tr></table><p class="totop"><a href="#summary">back to summary</a></p>
<h3 id="m1">tests.CheckoutTest#userCanCheckoutAsGuest</h3><table class="result"><tr><th>Exception</th></tr><tr><td><div class="stacktrace">org.openqa.selenium.UnhandledAlertException: Unexpected alert dialog detected. Performed handler &quot;dismiss&quot;: 
Build info: version: &apos;4.19.1&apos;, revision: &apos;abe0ee07dc&apos;
System info: os.name: &apos;Windows 11&apos;, os.arch: &apos;amd64&apos;, os.version: &apos;10.0&apos;, java.version: &apos;22.0.2&apos;
Driver info: org.openqa.selenium.firefox.FirefoxDriver
Command: [0e04758a-26fb-46cc-a3fb-6aac76d52950, findElement {using=id, value=termsofservice}]
Capabilities {acceptInsecureCerts: true, browserName: firefox, browserVersion: 145.0.2, moz:accessibilityChecks: false, moz:buildID: 20251124145406, moz:geckodriverVersion: 0.35.0, moz:headless: false, moz:platformVersion: 10.0, moz:processID: 47796, moz:profile: C:\Users\JAN~1.SEO\AppData\..., moz:shutdownTimeout: 60000, moz:webdriverClick: true, moz:windowless: false, pageLoadStrategy: normal, platformName: windows, proxy: Proxy(), setWindowRect: true, strictFileInteractability: false, timeouts: {implicit: 0, pageLoad: 300000, script: 30000}, unhandledPromptBehavior: dismiss and notify, userAgent: Mozilla/5.0 (Windows NT 10....}
Session ID: 0e04758a-26fb-46cc-a3fb-6aac76d52950
	at org.openqa.selenium.remote.codec.w3c.W3CHttpResponseCodec.decode(W3CHttpResponseCodec.java:136)
	at org.openqa.selenium.remote.codec.w3c.W3CHttpResponseCodec.decode(W3CHttpResponseCodec.java:50)
	at org.openqa.selenium.remote.HttpCommandExecutor.execute(HttpCommandExecutor.java:190)
	at org.openqa.selenium.remote.service.DriverCommandExecutor.invokeExecute(DriverCommandExecutor.java:216)
	at org.openqa.selenium.remote.service.DriverCommandExecutor.execute(DriverCommandExecutor.java:174)
	at org.openqa.selenium.remote.RemoteWebDriver.execute(RemoteWebDriver.java:518)
	at org.openqa.selenium.remote.ElementLocation$ElementFinder$2.findElement(ElementLocation.java:165)
	at org.openqa.selenium.remote.ElementLocation.findElement(ElementLocation.java:66)
	at org.openqa.selenium.remote.RemoteWebDriver.findElement(RemoteWebDriver.java:355)
	at org.openqa.selenium.remote.RemoteWebDriver.findElement(RemoteWebDriver.java:349)
	at tests.CheckoutTest.userCanCheckoutAsGuest(CheckoutTest.java:31)
	at java.base/java.util.ArrayList.forEach(ArrayList.java:1597)
	at com.intellij.rt.testng.IDEARemoteTestNG.run(IDEARemoteTestNG.java:65)
	at com.intellij.rt.testng.RemoteTestNGStarter.main(RemoteTestNGStarter.java:105)
... Removed 22 stack frames</div></td></tr></table><p class="totop"><a href="#summary">back to summary</a></p>
<h3 id="m2">tests.NegativeTests#checkoutWithoutAcceptingTerms</h3><table class="result"><tr><th>Exception</th></tr><tr><td><div class="stacktrace">org.openqa.selenium.UnhandledAlertException: Unexpected alert dialog detected. Performed handler &quot;dismiss&quot;: 
Build info: version: &apos;4.19.1&apos;, revision: &apos;abe0ee07dc&apos;
System info: os.name: &apos;Windows 11&apos;, os.arch: &apos;amd64&apos;, os.version: &apos;10.0&apos;, java.version: &apos;22.0.2&apos;
Driver info: org.openqa.selenium.firefox.FirefoxDriver
Command: [1e365398-c48b-41ca-a5c1-f73846758f83, findElement {using=id, value=checkout}]
Capabilities {acceptInsecureCerts: true, browserName: firefox, browserVersion: 145.0.2, moz:accessibilityChecks: false, moz:buildID: 20251124145406, moz:geckodriverVersion: 0.35.0, moz:headless: false, moz:platformVersion: 10.0, moz:processID: 44400, moz:profile: C:\Users\JAN~1.SEO\AppData\..., moz:shutdownTimeout: 60000, moz:webdriverClick: true, moz:windowless: false, pageLoadStrategy: normal, platformName: windows, proxy: Proxy(), setWindowRect: true, strictFileInteractability: false, timeouts: {implicit: 0, pageLoad: 300000, script: 30000}, unhandledPromptBehavior: dismiss and notify, userAgent: Mozilla/5.0 (Windows NT 10....}
Session ID: 1e365398-c48b-41ca-a5c1-f73846758f83
	at org.openqa.selenium.remote.codec.w3c.W3CHttpResponseCodec.decode(W3CHttpResponseCodec.java:136)
	at org.openqa.selenium.remote.codec.w3c.W3CHttpResponseCodec.decode(W3CHttpResponseCodec.java:50)
	at org.openqa.selenium.remote.HttpCommandExecutor.execute(HttpCommandExecutor.java:190)
	at org.openqa.selenium.remote.service.DriverCommandExecutor.invokeExecute(DriverCommandExecutor.java:216)
	at org.openqa.selenium.remote.service.DriverCommandExecutor.execute(DriverCommandExecutor.java:174)
	at org.openqa.selenium.remote.RemoteWebDriver.execute(RemoteWebDriver.java:518)
	at org.openqa.selenium.remote.ElementLocation$ElementFinder$2.findElement(ElementLocation.java:165)
	at org.openqa.selenium.remote.ElementLocation.findElement(ElementLocation.java:66)
	at org.openqa.selenium.remote.RemoteWebDriver.findElement(RemoteWebDriver.java:355)
	at org.openqa.selenium.remote.RemoteWebDriver.findElement(RemoteWebDriver.java:349)
	at tests.NegativeTests.checkoutWithoutAcceptingTerms(NegativeTests.java:75)
	at java.base/java.util.ArrayList.forEach(ArrayList.java:1597)
	at com.intellij.rt.testng.IDEARemoteTestNG.run(IDEARemoteTestNG.java:65)
	at com.intellij.rt.testng.RemoteTestNGStarter.main(RemoteTestNGStarter.java:105)
... Removed 22 stack frames</div></td></tr></table><p class="totop"><a href="#summary">back to summary</a></p>
<h3 id="m3">tests.NegativeTests#loginWithInvalidCredentials</h3><table class="result"><tr><th>Exception</th></tr><tr><td><div class="stacktrace">java.lang.AssertionError: Error message not displayed as expected expected [true] but found [false]
	at tests.NegativeTests.loginWithInvalidCredentials(NegativeTests.java:33)
	at java.base/java.util.ArrayList.forEach(ArrayList.java:1597)
	at com.intellij.rt.testng.IDEARemoteTestNG.run(IDEARemoteTestNG.java:65)
	at com.intellij.rt.testng.RemoteTestNGStarter.main(RemoteTestNGStarter.java:105)
... Removed 25 stack frames</div></td></tr></table><p class="totop"><a href="#summary">back to summary</a></p>
<h3 id="m4">tests.AccountValidationTest#verifyUserAccountDetails</h3><table class="result"><tr><th class="invisible"/></tr></table><p class="totop"><a href="#summary">back to summary</a></p>
<h3 id="m5">tests.CartTest#userShouldBeAbleToRemoveItemFromCart</h3><table class="result"><tr><th class="invisible"/></tr></table><p class="totop"><a href="#summary">back to summary</a></p>
<h3 id="m6">tests.ComputersTest#userCanAccessComputersSection</h3><table class="result"><tr><th class="invisible"/></tr></table><p class="totop"><a href="#summary">back to summary</a></p>
<h3 id="m7">tests.ComputersTest#userCanNavigateToAccessories</h3><table class="result"><tr><th class="invisible"/></tr></table><p class="totop"><a href="#summary">back to summary</a></p>
<h3 id="m8">tests.ComputersTest#userCanNavigateToDesktops</h3><table class="result"><tr><th class="invisible"/></tr></table><p class="totop"><a href="#summary">back to summary</a></p>
<h3 id="m9">tests.ComputersTest#userCanNavigateToNotebooks</h3><table class="result"><tr><th class="invisible"/></tr></table><p class="totop"><a href="#summary">back to summary</a></p>
<h3 id="m10">tests.HomePageTest#homePageShouldHaveCorrectTitle</h3><table class="result"><tr><th class="invisible"/></tr></table><p class="totop"><a href="#summary">back to summary</a></p>
<h3 id="m11">tests.HomePageTest#shouldNavigateToLoginPage</h3><table class="result"><tr><th class="invisible"/></tr></table><p class="totop"><a href="#summary">back to summary</a></p>
<h3 id="m12">tests.HomePageTest#shouldNavigateToRegisterPage</h3><table class="result"><tr><th class="invisible"/></tr></table><p class="totop"><a href="#summary">back to summary</a></p>
<h3 id="m13">tests.LoginTest#userShouldLoginSuccessfullyWithValidCredentials</h3><table class="result"><tr><th class="invisible"/></tr></table><p class="totop"><a href="#summary">back to summary</a></p>
<h3 id="m14">tests.LoginTest#userShouldSeeErrorMessageForInvalidLogin</h3><table class="result"><tr><th class="invisible"/></tr></table><p class="totop"><a href="#summary">back to summary</a></p>
<h3 id="m15">tests.NegativeTests#registerWithExistingEmail</h3><table class="result"><tr><th class="invisible"/></tr></table><p class="totop"><a href="#summary">back to summary</a></p>
<h3 id="m16">tests.RegisterTest#userShouldRegisterSuccessfully</h3><table class="result"><tr><th class="invisible"/></tr></table><p class="totop"><a href="#summary">back to summary</a></p>
</body>
</html>
